<?xml version="1.0" encoding="UTF-8"?>
<!-- Generated by org.testng.reporters.JUnitReportReporter -->
<testsuite skipped="0" hostname="Andreis-MBP.lan1" name="com.syntax.practices.TestLogin" tests="1" failures="0" timestamp="2020-05-22T17:03:01 EDT" time="33.413" errors="0">
  <testcase name="TestRobo" time="33.413" classname="com.syntax.practices.TestLogin"/>
  <system-out/>
</testsuite> <!-- com.syntax.practices.TestLogin -->
